\BOOKMARK [1][-]{section.1}{\376\377\121\163\116\216\000\040\000m\000h\000c\000h\000e\000m}{}% 1
\BOOKMARK [1][-]{section.2}{\376\377\145\340\147\072\162\151}{}% 2
\BOOKMARK [2][-]{subsection.2.1}{\376\377\145\164\145\160\000:\000\040\116\013\150\007\060\001\165\065\203\167\145\160\060\001\154\047\123\026\145\160}{section.2}% 3
\BOOKMARK [2][-]{subsection.2.2}{\376\377\122\006\145\160\116\013\150\007}{section.2}% 4
\BOOKMARK [2][-]{subsection.2.3}{\376\377\127\006\142\354\123\367\060\001\145\271\142\354\123\367\060\001\131\047\142\354\123\367}{section.2}% 5
\BOOKMARK [2][-]{subsection.2.4}{\376\377\116\012\150\007\116\016\116\013\150\007\000:\000\040\124\014\117\115\175\040\060\001\122\006\133\120\171\273\133\120}{section.2}% 6
\BOOKMARK [2][-]{subsection.2.5}{\376\377\127\006\160\271\000:\000\040\201\352\165\061\127\372\060\001\154\064\124\010\162\151}{section.2}% 7
\BOOKMARK [1][-]{section.3}{\376\377\147\011\147\072\162\151}{}% 8
\BOOKMARK [2][-]{subsection.3.1}{\376\377\131\202\117\125\210\150\171\072\123\026\133\146\225\056}{section.3}% 9
\BOOKMARK [2][-]{subsection.3.2}{\376\377\145\234\117\123\000:\000\040\000c\000i\000s\000\040\000\046\000\040\000t\000r\000a\000n\000s}{section.3}% 10
\BOOKMARK [2][-]{subsection.3.3}{\376\377\217\333\116\000\153\145\133\146\116\140\000:\000\040\000c\000h\000e\000m\000f\000i\000g\000\040\000p\000a\000c\000k\000a\000g\000e}{section.3}% 11
\BOOKMARK [1][-]{section.4}{\376\377\123\026\133\146\145\271\172\013\137\017}{}% 12
\BOOKMARK [2][-]{subsection.4.1}{\376\377\173\255\131\064\000:\000\040\123\315\136\224\145\271\124\021}{section.4}% 13
\BOOKMARK [2][-]{subsection.4.2}{\376\377\173\255\131\064\000:\000\040\154\211\155\300\116\016\154\024\117\123}{section.4}% 14
\BOOKMARK [2][-]{subsection.4.3}{\376\377\160\355\123\026\133\146\145\271\172\013\137\017\000:\000\040\200\375\221\317\123\330\123\026\060\001\122\006\145\160\213\241\221\317\145\160}{section.4}% 15
\BOOKMARK [1][-]{section.5}{\376\377\121\166\116\326\121\205\133\271}{}% 16
\BOOKMARK [2][-]{subsection.5.1}{\376\377\131\202\117\125\127\050\145\207\133\127\166\204\116\013\145\271\155\373\122\240\150\007\154\350}{section.5}% 17
\BOOKMARK [2][-]{subsection.5.2}{\376\377\131\202\117\125\116\146\121\231\217\336\176\355\166\204\131\032\210\114\123\315\136\224\137\017}{section.5}% 18
\BOOKMARK [1][-]{section.6}{\376\377\226\104\137\125}{}% 19
\BOOKMARK [2][-]{subsection.6.1}{\376\377\137\353\220\037\117\123\232\214\143\007\123\127}{section.6}% 20
\BOOKMARK [2][-]{subsection.6.2}{\376\377\116\000\116\233\215\104\156\220}{section.6}% 21
