This is XeTeX, Version 3.14159265-2.6-0.999992 (MiKTeX 20.6.29) (preloaded format=xelatex 2020.7.20)  13 DEC 2020 16:16
entering extended mode
**./LaTeX_chem_formula.tex
(LaTeX_chem_formula.tex
LaTeX2e <2020-02-02> patch level 5
L3 programming layer <2020-06-18>
("C:\Program Files\MiKTeX\tex/latex/base\article.cls"
Document Class: article 2019/12/20 v1.4l Standard LaTeX document class
("C:\Program Files\MiKTeX\tex/latex/base\size10.clo"
File: size10.clo 2019/12/20 v1.4l Standard LaTeX file (size option)
)
\c@part=\count163
\c@section=\count164
\c@subsection=\count165
\c@subsubsection=\count166
\c@paragraph=\count167
\c@subparagraph=\count168
\c@figure=\count169
\c@table=\count170
\abovecaptionskip=\skip47
\belowcaptionskip=\skip48
\bibindent=\dimen134
)
("C:\Program Files\MiKTeX\tex/latex/ctex\ctex.sty"
("C:\Program Files\MiKTeX\tex/latex/l3kernel\expl3.sty"
Package: expl3 2020-06-18 L3 programming layer (loader) 

("C:\Program Files\MiKTeX\tex/latex/l3backend\l3backend-xdvipdfmx.def"
File: l3backend-xdvipdfmx.def 2020-06-29 L3 backend support: xdvipdfmx
\g__graphics_track_int=\count171
\l__pdf_internal_box=\box45
\g__pdf_backend_object_int=\count172
\g__pdf_backend_annotation_int=\count173
))
Package: ctex 2020/06/06 v2.5.3 Chinese adapter in LaTeX (CTEX)

("C:\Program Files\MiKTeX\tex/latex/l3packages/xparse\xparse.sty"
Package: xparse 2020-05-15 L3 Experimental document command parser

("C:\Program Files\MiKTeX\tex/latex/l3packages/xparse\xparse-generic.tex"
\l__xparse_current_arg_int=\count174
\g__xparse_grabber_int=\count175
\l__xparse_m_args_int=\count176
\l__xparse_v_nesting_int=\count177
))
("C:\Program Files\MiKTeX\tex/latex/l3packages/l3keys2e\l3keys2e.sty"
Package: l3keys2e 2020-05-15 LaTeX2e option processing using LaTeX3 keys
)
("C:\Program Files\MiKTeX\tex/latex/ctex\ctexhook.sty"
Package: ctexhook 2020/06/06 v2.5.3 Document and package hooks (CTEX)
)
("C:\Program Files\MiKTeX\tex/latex/ctex\ctexpatch.sty"
Package: ctexpatch 2020/06/06 v2.5.3 Patching commands (CTEX)
)
("C:\Program Files\MiKTeX\tex/latex/base\fix-cm.sty"
Package: fix-cm 2015/01/14 v1.1t fixes to LaTeX

("C:\Program Files\MiKTeX\tex/latex/base\ts1enc.def"
File: ts1enc.def 2001/06/05 v3.0e (jk/car/fm) Standard LaTeX file
LaTeX Font Info:    Redeclaring font encoding TS1 on input line 47.
))
("C:\Program Files\MiKTeX\tex/latex/ms\everysel.sty"
Package: everysel 2011/10/28 v1.2 EverySelectfont Package (MS)
)
\l__ctex_tmp_int=\count178
\l__ctex_tmp_box=\box46
\l__ctex_tmp_dim=\dimen135
\g__ctex_section_depth_int=\count179
\g__ctex_font_size_int=\count180

("C:\Program Files\MiKTeX\tex/latex/ctex/config\ctexopts.cfg"
File: ctexopts.cfg 2020/06/06 v2.5.3 Option configuration file (CTEX)
)
("C:\Program Files\MiKTeX\tex/latex/ctex/engine\ctex-engine-xetex.def"
File: ctex-engine-xetex.def 2020/06/06 v2.5.3 XeLaTeX adapter (CTEX)

("C:\Program Files\MiKTeX\tex/xelatex/xecjk\xeCJK.sty"
Package: xeCJK 2020/06/06 v3.8.4 Typesetting CJK scripts with XeLaTeX

("C:\Program Files\MiKTeX\tex/latex/l3packages/xtemplate\xtemplate.sty"
Package: xtemplate 2020-05-15 L3 Experimental prototype document functions
\l__xtemplate_tmp_dim=\dimen136
\l__xtemplate_tmp_int=\count181
\l__xtemplate_tmp_muskip=\muskip16
\l__xtemplate_tmp_skip=\skip49
)
\l__xeCJK_tmp_int=\count182
\l__xeCJK_tmp_box=\box47
\l__xeCJK_tmp_dim=\dimen137
\l__xeCJK_tmp_skip=\skip50
\g__xeCJK_space_factor_int=\count183
\l__xeCJK_begin_int=\count184
\l__xeCJK_end_int=\count185
\c__xeCJK_CJK_class_int=\XeTeXcharclass1
\c__xeCJK_FullLeft_class_int=\XeTeXcharclass2
\c__xeCJK_FullRight_class_int=\XeTeXcharclass3
\c__xeCJK_HalfLeft_class_int=\XeTeXcharclass4
\c__xeCJK_HalfRight_class_int=\XeTeXcharclass5
\c__xeCJK_NormalSpace_class_int=\XeTeXcharclass6
\c__xeCJK_CM_class_int=\XeTeXcharclass7
\c__xeCJK_HangulJamo_class_int=\XeTeXcharclass8
\l__xeCJK_last_skip=\skip51
\g__xeCJK_node_int=\count186
\c__xeCJK_CJK_node_dim=\dimen138
\c__xeCJK_CJK-space_node_dim=\dimen139
\c__xeCJK_default_node_dim=\dimen140
\c__xeCJK_default-space_node_dim=\dimen141
\c__xeCJK_CJK-widow_node_dim=\dimen142
\c__xeCJK_normalspace_node_dim=\dimen143
\l__xeCJK_ccglue_skip=\skip52
\l__xeCJK_ecglue_skip=\skip53
\l__xeCJK_punct_kern_skip=\skip54
\l__xeCJK_last_penalty_int=\count187
\l__xeCJK_last_bound_dim=\dimen144
\l__xeCJK_last_kern_dim=\dimen145
\l__xeCJK_widow_penalty_int=\count188

Package xtemplate Info: Declaring object type 'xeCJK/punctuation' taking 0
(xtemplate)             argument(s) on line 2329.

\l__xeCJK_fixed_punct_width_dim=\dimen146
\l__xeCJK_mixed_punct_width_dim=\dimen147
\l__xeCJK_middle_punct_width_dim=\dimen148
\l__xeCJK_fixed_margin_width_dim=\dimen149
\l__xeCJK_mixed_margin_width_dim=\dimen150
\l__xeCJK_middle_margin_width_dim=\dimen151
\l__xeCJK_bound_punct_width_dim=\dimen152
\l__xeCJK_bound_margin_width_dim=\dimen153
\l__xeCJK_margin_minimum_dim=\dimen154
\l__xeCJK_kerning_total_width_dim=\dimen155
\l__xeCJK_same_align_margin_dim=\dimen156
\l__xeCJK_different_align_margin_dim=\dimen157
\l__xeCJK_kerning_margin_width_dim=\dimen158
\l__xeCJK_kerning_margin_minimum_dim=\dimen159
\l__xeCJK_bound_dim=\dimen160
\l__xeCJK_reverse_bound_dim=\dimen161
\l__xeCJK_margin_dim=\dimen162
\l__xeCJK_minimum_bound_dim=\dimen163
\l__xeCJK_kerning_margin_dim=\dimen164
\g__xeCJK_family_int=\count189
\l__xeCJK_fam_int=\count190
\g__xeCJK_fam_allocation_int=\count191
\l__xeCJK_verb_case_int=\count192
\l__xeCJK_verb_exspace_skip=\skip55

("C:\Program Files\MiKTeX\tex/latex/fontspec\fontspec.sty"
Package: fontspec 2020/02/21 v2.7i Font selection for XeLaTeX and LuaLaTeX

("C:\Program Files\MiKTeX\tex/latex/fontspec\fontspec-xetex.sty"
Package: fontspec-xetex 2020/02/21 v2.7i Font selection for XeLaTeX and LuaLaTe
X
\l__fontspec_script_int=\count193
\l__fontspec_language_int=\count194
\l__fontspec_strnum_int=\count195
\l__fontspec_tmp_int=\count196
\l__fontspec_tmpa_int=\count197
\l__fontspec_tmpb_int=\count198
\l__fontspec_tmpc_int=\count199
\l__fontspec_em_int=\count266
\l__fontspec_emdef_int=\count267
\l__fontspec_strong_int=\count268
\l__fontspec_strongdef_int=\count269
\l__fontspec_tmpa_dim=\dimen165
\l__fontspec_tmpb_dim=\dimen166
\l__fontspec_tmpc_dim=\dimen167

("C:\Program Files\MiKTeX\tex/latex/base\fontenc.sty"
Package: fontenc 2020/02/11 v2.0o Standard LaTeX package
)
("C:\Program Files\MiKTeX\tex/latex/fontspec\fontspec.cfg")))
("C:\Program Files\MiKTeX\tex/xelatex/xecjk\xeCJK.cfg"
File: xeCJK.cfg 2020/06/06 v3.8.4 Configuration file for xeCJK package
))
\ccwd=\dimen168
\l__ctex_ccglue_skip=\skip56
)
\l__ctex_ziju_dim=\dimen169

("C:\Program Files\MiKTeX\tex/latex/zhnumber\zhnumber.sty"
Package: zhnumber 2020/05/01 v2.8 Typesetting numbers with Chinese glyphs
\l__zhnum_scale_int=\count270

("C:\Program Files\MiKTeX\tex/latex/zhnumber\zhnumber-utf8.cfg"
File: zhnumber-utf8.cfg 2020/05/01 v2.8 Chinese numerals with UTF8 encoding
))
("C:\Program Files\MiKTeX\tex/latex/ctex/scheme\ctex-scheme-chinese.def"
File: ctex-scheme-chinese.def 2020/06/06 v2.5.3 Chinese scheme for generic (CTE
X)

("C:\Program Files\MiKTeX\tex/latex/ctex/config\ctex-name-utf8.cfg"
File: ctex-name-utf8.cfg 2020/06/06 v2.5.3 Caption with encoding UTF-8 (CTEX)
))
("C:\Program Files\MiKTeX\tex/latex/tools\indentfirst.sty"
Package: indentfirst 1995/11/23 v1.03 Indent first paragraph (DPC)
)
("C:\Program Files\MiKTeX\tex/latex/ctex\ctex-c5size.clo"
File: ctex-c5size.clo 2020/06/06 v2.5.3 c5size option (CTEX)
)
("C:\Program Files\MiKTeX\tex/latex/ctex/fontset\ctex-fontset-windows.def"
File: ctex-fontset-windows.def 2020/06/06 v2.5.3 Windows fonts definition (CTEX
)

Package fontspec Info: Could not resolve font "KaiTi/B" (it probably doesn't
(fontspec)             exist).


Package fontspec Info: Could not resolve font "SimHei/I" (it probably doesn't
(fontspec)             exist).


Package fontspec Info: Could not resolve font "SimSun/BI" (it probably doesn't
(fontspec)             exist).


Package fontspec Info: Font family 'SimSun(0)' created for font 'SimSun' with
(fontspec)             options
(fontspec)             [Script={CJK},BoldFont={SimHei},ItalicFont={KaiTi}].
(fontspec)              
(fontspec)              This font family consists of the following NFSS
(fontspec)             series/shapes:
(fontspec)              
(fontspec)             - 'normal' (m/n) with NFSS spec.:
(fontspec)             <->"SimSun/OT:script=hani;language=dflt;"
(fontspec)             - 'small caps'  (m/sc) with NFSS spec.: 
(fontspec)             - 'bold' (b/n) with NFSS spec.:
(fontspec)             <->"SimHei/OT:script=hani;language=dflt;"
(fontspec)             - 'bold small caps'  (b/sc) with NFSS spec.: 
(fontspec)             - 'italic' (m/it) with NFSS spec.:
(fontspec)             <->"KaiTi/OT:script=hani;language=dflt;"
(fontspec)             - 'italic small caps'  (m/scit) with NFSS spec.: 

))
("C:\Program Files\MiKTeX\tex/latex/ctex/config\ctex.cfg"
File: ctex.cfg 2020/06/06 v2.5.3 Configuration file (CTEX)
)
("C:\Program Files\MiKTeX\tex/latex/extarrows\extarrows.sty"
Package: extarrows 2020/03/12 v1.2.0 Some extensible arrows

("C:\Program Files\MiKTeX\tex/latex/amsmath\amsmath.sty"
Package: amsmath 2020/01/20 v2.17e AMS math features
\@mathmargin=\skip57

For additional information on amsmath, use the `?' option.
("C:\Program Files\MiKTeX\tex/latex/amsmath\amstext.sty"
Package: amstext 2000/06/29 v2.01 AMS text

("C:\Program Files\MiKTeX\tex/latex/amsmath\amsgen.sty"
File: amsgen.sty 1999/11/30 v2.0 generic functions
\@emptytoks=\toks15
\ex@=\dimen170
))
("C:\Program Files\MiKTeX\tex/latex/amsmath\amsbsy.sty"
Package: amsbsy 1999/11/29 v1.2d Bold Symbols
\pmbraise@=\dimen171
)
("C:\Program Files\MiKTeX\tex/latex/amsmath\amsopn.sty"
Package: amsopn 2016/03/08 v2.02 operator names
)
\inf@bad=\count271
LaTeX Info: Redefining \frac on input line 227.
\uproot@=\count272
\leftroot@=\count273
LaTeX Info: Redefining \overline on input line 389.
\classnum@=\count274
\DOTSCASE@=\count275
LaTeX Info: Redefining \ldots on input line 486.
LaTeX Info: Redefining \dots on input line 489.
LaTeX Info: Redefining \cdots on input line 610.
\Mathstrutbox@=\box48
\strutbox@=\box49
\big@size=\dimen172
LaTeX Font Info:    Redeclaring font encoding OML on input line 733.
LaTeX Font Info:    Redeclaring font encoding OMS on input line 734.
\macc@depth=\count276
\c@MaxMatrixCols=\count277
\dotsspace@=\muskip17
\c@parentequation=\count278
\dspbrk@lvl=\count279
\tag@help=\toks16
\row@=\count280
\column@=\count281
\maxfields@=\count282
\andhelp@=\toks17
\eqnshift@=\dimen173
\alignsep@=\dimen174
\tagshift@=\dimen175
\tagwidth@=\dimen176
\totwidth@=\dimen177
\lineht@=\dimen178
\@envbody=\toks18
\multlinegap=\skip58
\multlinetaggap=\skip59
\mathdisplay@stack=\toks19
LaTeX Info: Redefining \[ on input line 2859.
LaTeX Info: Redefining \] on input line 2860.
))
("C:\Program Files\MiKTeX\tex/latex/chemfig\chemfig.sty"
("C:\Program Files\MiKTeX\tex/latex/pgf/frontendlayer\tikz.sty"
("C:\Program Files\MiKTeX\tex/latex/pgf/basiclayer\pgf.sty"
("C:\Program Files\MiKTeX\tex/latex/pgf/utilities\pgfrcs.sty"
("C:\Program Files\MiKTeX\tex/generic/pgf/utilities\pgfutil-common.tex"
\pgfutil@everybye=\toks20
\pgfutil@tempdima=\dimen179
\pgfutil@tempdimb=\dimen180

("C:\Program Files\MiKTeX\tex/generic/pgf/utilities\pgfutil-common-lists.tex"))
("C:\Program Files\MiKTeX\tex/generic/pgf/utilities\pgfutil-latex.def"
\pgfutil@abb=\box50

("C:\Program Files\MiKTeX\tex/latex/ms\everyshi.sty"
Package: everyshi 2001/05/15 v3.00 EveryShipout Package (MS)
))
("C:\Program Files\MiKTeX\tex/generic/pgf/utilities\pgfrcs.code.tex"
("C:\Program Files\MiKTeX\tex/generic/pgf\pgf.revision.tex")
Package: pgfrcs 2020/01/08 v3.1.5b (3.1.5b)
))
Package: pgf 2020/01/08 v3.1.5b (3.1.5b)

("C:\Program Files\MiKTeX\tex/latex/pgf/basiclayer\pgfcore.sty"
("C:\Program Files\MiKTeX\tex/latex/graphics\graphicx.sty"
Package: graphicx 2019/11/30 v1.2a Enhanced LaTeX Graphics (DPC,SPQR)

("C:\Program Files\MiKTeX\tex/latex/graphics\keyval.sty"
Package: keyval 2014/10/28 v1.15 key=value parser (DPC)
\KV@toks@=\toks21
)
("C:\Program Files\MiKTeX\tex/latex/graphics\graphics.sty"
Package: graphics 2019/11/30 v1.4a Standard LaTeX Graphics (DPC,SPQR)

("C:\Program Files\MiKTeX\tex/latex/graphics\trig.sty"
Package: trig 2016/01/03 v1.10 sin cos tan (DPC)
)
("C:\Program Files\MiKTeX\tex/latex/graphics-cfg\graphics.cfg"
File: graphics.cfg 2016/06/04 v1.11 sample graphics configuration
)
Package graphics Info: Driver file: xetex.def on input line 105.

("C:\Program Files\MiKTeX\tex/latex/graphics-def\xetex.def"
File: xetex.def 2017/06/24 v5.0h Graphics/color driver for xetex
))
\Gin@req@height=\dimen181
\Gin@req@width=\dimen182
)
("C:\Program Files\MiKTeX\tex/latex/pgf/systemlayer\pgfsys.sty"
("C:\Program Files\MiKTeX\tex/generic/pgf/systemlayer\pgfsys.code.tex"
Package: pgfsys 2020/01/08 v3.1.5b (3.1.5b)

("C:\Program Files\MiKTeX\tex/generic/pgf/utilities\pgfkeys.code.tex"
\pgfkeys@pathtoks=\toks22
\pgfkeys@temptoks=\toks23

("C:\Program Files\MiKTeX\tex/generic/pgf/utilities\pgfkeysfiltered.code.tex"
\pgfkeys@tmptoks=\toks24
))
\pgf@x=\dimen183
\pgf@y=\dimen184
\pgf@xa=\dimen185
\pgf@ya=\dimen186
\pgf@xb=\dimen187
\pgf@yb=\dimen188
\pgf@xc=\dimen189
\pgf@yc=\dimen190
\pgf@xd=\dimen191
\pgf@yd=\dimen192
\w@pgf@writea=\write3
\r@pgf@reada=\read2
\c@pgf@counta=\count283
\c@pgf@countb=\count284
\c@pgf@countc=\count285
\c@pgf@countd=\count286
\t@pgf@toka=\toks25
\t@pgf@tokb=\toks26
\t@pgf@tokc=\toks27
\pgf@sys@id@count=\count287
("C:\Program Files\MiKTeX\tex/generic/pgf/systemlayer\pgf.cfg"
File: pgf.cfg 2020/01/08 v3.1.5b (3.1.5b)
)
Driver file for pgf: pgfsys-xetex.def

("C:\Program Files\MiKTeX\tex/generic/pgf/systemlayer\pgfsys-xetex.def"
File: pgfsys-xetex.def 2020/01/08 v3.1.5b (3.1.5b)

("C:\Program Files\MiKTeX\tex/generic/pgf/systemlayer\pgfsys-dvipdfmx.def"
File: pgfsys-dvipdfmx.def 2020/01/08 v3.1.5b (3.1.5b)

("C:\Program Files\MiKTeX\tex/generic/pgf/systemlayer\pgfsys-common-pdf.def"
File: pgfsys-common-pdf.def 2020/01/08 v3.1.5b (3.1.5b)
)
\pgfsys@objnum=\count288
))) ("C:\Program Files\MiKTeX\tex/generic/pgf/systemlayer\pgfsyssoftpath.code.t
ex"
File: pgfsyssoftpath.code.tex 2020/01/08 v3.1.5b (3.1.5b)
\pgfsyssoftpath@smallbuffer@items=\count289
\pgfsyssoftpath@bigbuffer@items=\count290
) ("C:\Program Files\MiKTeX\tex/generic/pgf/systemlayer\pgfsysprotocol.code.tex
"
File: pgfsysprotocol.code.tex 2020/01/08 v3.1.5b (3.1.5b)
)) ("C:\Program Files\MiKTeX\tex/latex/xcolor\xcolor.sty"
Package: xcolor 2016/05/11 v2.12 LaTeX color extensions (UK)

("C:\Program Files\MiKTeX\tex/latex/graphics-cfg\color.cfg"
File: color.cfg 2016/01/02 v1.6 sample color configuration
)
Package xcolor Info: Driver file: xetex.def on input line 225.
Package xcolor Info: Model `cmy' substituted by `cmy0' on input line 1348.
Package xcolor Info: Model `RGB' extended on input line 1364.
Package xcolor Info: Model `HTML' substituted by `rgb' on input line 1366.
Package xcolor Info: Model `Hsb' substituted by `hsb' on input line 1367.
Package xcolor Info: Model `tHsb' substituted by `hsb' on input line 1368.
Package xcolor Info: Model `HSB' substituted by `hsb' on input line 1369.
Package xcolor Info: Model `Gray' substituted by `gray' on input line 1370.
Package xcolor Info: Model `wave' substituted by `hsb' on input line 1371.
)
("C:\Program Files\MiKTeX\tex/generic/pgf/basiclayer\pgfcore.code.tex"
Package: pgfcore 2020/01/08 v3.1.5b (3.1.5b)

("C:\Program Files\MiKTeX\tex/generic/pgf/math\pgfmath.code.tex"
("C:\Program Files\MiKTeX\tex/generic/pgf/math\pgfmathcalc.code.tex"
("C:\Program Files\MiKTeX\tex/generic/pgf/math\pgfmathutil.code.tex")
("C:\Program Files\MiKTeX\tex/generic/pgf/math\pgfmathparser.code.tex"
\pgfmath@dimen=\dimen193
\pgfmath@count=\count291
\pgfmath@box=\box51
\pgfmath@toks=\toks28
\pgfmath@stack@operand=\toks29
\pgfmath@stack@operation=\toks30
)
("C:\Program Files\MiKTeX\tex/generic/pgf/math\pgfmathfunctions.code.tex"
("C:\Program Files\MiKTeX\tex/generic/pgf/math\pgfmathfunctions.basic.code.tex"
)
("C:\Program Files\MiKTeX\tex/generic/pgf/math\pgfmathfunctions.trigonometric.c
ode.tex")
("C:\Program Files\MiKTeX\tex/generic/pgf/math\pgfmathfunctions.random.code.tex
")
("C:\Program Files\MiKTeX\tex/generic/pgf/math\pgfmathfunctions.comparison.code
.tex")
("C:\Program Files\MiKTeX\tex/generic/pgf/math\pgfmathfunctions.base.code.tex")
("C:\Program Files\MiKTeX\tex/generic/pgf/math\pgfmathfunctions.round.code.tex"
) ("C:\Program Files\MiKTeX\tex/generic/pgf/math\pgfmathfunctions.misc.code.tex
")
("C:\Program Files\MiKTeX\tex/generic/pgf/math\pgfmathfunctions.integerarithmet
ics.code.tex")))
("C:\Program Files\MiKTeX\tex/generic/pgf/math\pgfmathfloat.code.tex"
\c@pgfmathroundto@lastzeros=\count292
))
("C:\Program Files\MiKTeX\tex/generic/pgf/math\pgfint.code.tex")
("C:\Program Files\MiKTeX\tex/generic/pgf/basiclayer\pgfcorepoints.code.tex"
File: pgfcorepoints.code.tex 2020/01/08 v3.1.5b (3.1.5b)
\pgf@picminx=\dimen194
\pgf@picmaxx=\dimen195
\pgf@picminy=\dimen196
\pgf@picmaxy=\dimen197
\pgf@pathminx=\dimen198
\pgf@pathmaxx=\dimen199
\pgf@pathminy=\dimen256
\pgf@pathmaxy=\dimen257
\pgf@xx=\dimen258
\pgf@xy=\dimen259
\pgf@yx=\dimen260
\pgf@yy=\dimen261
\pgf@zx=\dimen262
\pgf@zy=\dimen263
)
("C:\Program Files\MiKTeX\tex/generic/pgf/basiclayer\pgfcorepathconstruct.code.
tex"
File: pgfcorepathconstruct.code.tex 2020/01/08 v3.1.5b (3.1.5b)
\pgf@path@lastx=\dimen264
\pgf@path@lasty=\dimen265
)
("C:\Program Files\MiKTeX\tex/generic/pgf/basiclayer\pgfcorepathusage.code.tex"
File: pgfcorepathusage.code.tex 2020/01/08 v3.1.5b (3.1.5b)
\pgf@shorten@end@additional=\dimen266
\pgf@shorten@start@additional=\dimen267
) ("C:\Program Files\MiKTeX\tex/generic/pgf/basiclayer\pgfcorescopes.code.tex"
File: pgfcorescopes.code.tex 2020/01/08 v3.1.5b (3.1.5b)
\pgfpic=\box52
\pgf@hbox=\box53
\pgf@layerbox@main=\box54
\pgf@picture@serial@count=\count293
)
("C:\Program Files\MiKTeX\tex/generic/pgf/basiclayer\pgfcoregraphicstate.code.t
ex"
File: pgfcoregraphicstate.code.tex 2020/01/08 v3.1.5b (3.1.5b)
\pgflinewidth=\dimen268
)
("C:\Program Files\MiKTeX\tex/generic/pgf/basiclayer\pgfcoretransformations.cod
e.tex"
File: pgfcoretransformations.code.tex 2020/01/08 v3.1.5b (3.1.5b)
\pgf@pt@x=\dimen269
\pgf@pt@y=\dimen270
\pgf@pt@temp=\dimen271
)
("C:\Program Files\MiKTeX\tex/generic/pgf/basiclayer\pgfcorequick.code.tex"
File: pgfcorequick.code.tex 2020/01/08 v3.1.5b (3.1.5b)
)
("C:\Program Files\MiKTeX\tex/generic/pgf/basiclayer\pgfcoreobjects.code.tex"
File: pgfcoreobjects.code.tex 2020/01/08 v3.1.5b (3.1.5b)
)
("C:\Program Files\MiKTeX\tex/generic/pgf/basiclayer\pgfcorepathprocessing.code
.tex"
File: pgfcorepathprocessing.code.tex 2020/01/08 v3.1.5b (3.1.5b)
)
("C:\Program Files\MiKTeX\tex/generic/pgf/basiclayer\pgfcorearrows.code.tex"
File: pgfcorearrows.code.tex 2020/01/08 v3.1.5b (3.1.5b)
\pgfarrowsep=\dimen272
)
("C:\Program Files\MiKTeX\tex/generic/pgf/basiclayer\pgfcoreshade.code.tex"
File: pgfcoreshade.code.tex 2020/01/08 v3.1.5b (3.1.5b)
\pgf@max=\dimen273
\pgf@sys@shading@range@num=\count294
\pgf@shadingcount=\count295
)
("C:\Program Files\MiKTeX\tex/generic/pgf/basiclayer\pgfcoreimage.code.tex"
File: pgfcoreimage.code.tex 2020/01/08 v3.1.5b (3.1.5b)

("C:\Program Files\MiKTeX\tex/generic/pgf/basiclayer\pgfcoreexternal.code.tex"
File: pgfcoreexternal.code.tex 2020/01/08 v3.1.5b (3.1.5b)
\pgfexternal@startupbox=\box55
)) ("C:\Program Files\MiKTeX\tex/generic/pgf/basiclayer\pgfcorelayers.code.tex"
File: pgfcorelayers.code.tex 2020/01/08 v3.1.5b (3.1.5b)
)
("C:\Program Files\MiKTeX\tex/generic/pgf/basiclayer\pgfcoretransparency.code.t
ex"
File: pgfcoretransparency.code.tex 2020/01/08 v3.1.5b (3.1.5b)
)
("C:\Program Files\MiKTeX\tex/generic/pgf/basiclayer\pgfcorepatterns.code.tex"
File: pgfcorepatterns.code.tex 2020/01/08 v3.1.5b (3.1.5b)
) ("C:\Program Files\MiKTeX\tex/generic/pgf/basiclayer\pgfcorerdf.code.tex"
File: pgfcorerdf.code.tex 2020/01/08 v3.1.5b (3.1.5b)
)))
("C:\Program Files\MiKTeX\tex/generic/pgf/modules\pgfmoduleshapes.code.tex"
File: pgfmoduleshapes.code.tex 2020/01/08 v3.1.5b (3.1.5b)
\pgfnodeparttextbox=\box56
)
("C:\Program Files\MiKTeX\tex/generic/pgf/modules\pgfmoduleplot.code.tex"
File: pgfmoduleplot.code.tex 2020/01/08 v3.1.5b (3.1.5b)
)
("C:\Program Files\MiKTeX\tex/latex/pgf/compatibility\pgfcomp-version-0-65.sty"
Package: pgfcomp-version-0-65 2020/01/08 v3.1.5b (3.1.5b)
\pgf@nodesepstart=\dimen274
\pgf@nodesepend=\dimen275
) ("C:\Program Files\MiKTeX\tex/latex/pgf/compatibility\pgfcomp-version-1-18.st
y"
Package: pgfcomp-version-1-18 2020/01/08 v3.1.5b (3.1.5b)
)) ("C:\Program Files\MiKTeX\tex/latex/pgf/utilities\pgffor.sty"
("C:\Program Files\MiKTeX\tex/latex/pgf/utilities\pgfkeys.sty"
("C:\Program Files\MiKTeX\tex/generic/pgf/utilities\pgfkeys.code.tex"))
("C:\Program Files\MiKTeX\tex/latex/pgf/math\pgfmath.sty"
("C:\Program Files\MiKTeX\tex/generic/pgf/math\pgfmath.code.tex"))
("C:\Program Files\MiKTeX\tex/generic/pgf/utilities\pgffor.code.tex"
Package: pgffor 2020/01/08 v3.1.5b (3.1.5b)

("C:\Program Files\MiKTeX\tex/generic/pgf/math\pgfmath.code.tex")
\pgffor@iter=\dimen276
\pgffor@skip=\dimen277
\pgffor@stack=\toks31
\pgffor@toks=\toks32
))
("C:\Program Files\MiKTeX\tex/generic/pgf/frontendlayer/tikz\tikz.code.tex"
Package: tikz 2020/01/08 v3.1.5b (3.1.5b)

("C:\Program Files\MiKTeX\tex/generic/pgf/libraries\pgflibraryplothandlers.code
.tex"
File: pgflibraryplothandlers.code.tex 2020/01/08 v3.1.5b (3.1.5b)
\pgf@plot@mark@count=\count296
\pgfplotmarksize=\dimen278
)
\tikz@lastx=\dimen279
\tikz@lasty=\dimen280
\tikz@lastxsaved=\dimen281
\tikz@lastysaved=\dimen282
\tikz@lastmovetox=\dimen283
\tikz@lastmovetoy=\dimen284
\tikzleveldistance=\dimen285
\tikzsiblingdistance=\dimen286
\tikz@figbox=\box57
\tikz@figbox@bg=\box58
\tikz@tempbox=\box59
\tikz@tempbox@bg=\box60
\tikztreelevel=\count297
\tikznumberofchildren=\count298
\tikznumberofcurrentchild=\count299
\tikz@fig@count=\count300

("C:\Program Files\MiKTeX\tex/generic/pgf/modules\pgfmodulematrix.code.tex"
File: pgfmodulematrix.code.tex 2020/01/08 v3.1.5b (3.1.5b)
\pgfmatrixcurrentrow=\count301
\pgfmatrixcurrentcolumn=\count302
\pgf@matrix@numberofcolumns=\count303
)
\tikz@expandcount=\count304

("C:\Program Files\MiKTeX\tex/generic/pgf/frontendlayer/tikz/libraries\tikzlibr
arytopaths.code.tex"
File: tikzlibrarytopaths.code.tex 2020/01/08 v3.1.5b (3.1.5b)
)))
("C:\Program Files\MiKTeX\tex/generic/chemfig\chemfig.tex"
Invalid UTF-8 byte or sequence at line 34 replaced by U+FFFD.
Invalid UTF-8 byte or sequence at line 45 replaced by U+FFFD.
Invalid UTF-8 byte or sequence at line 56 replaced by U+FFFD.
Invalid UTF-8 byte or sequence at line 56 replaced by U+FFFD.
Invalid UTF-8 byte or sequence at line 59 replaced by U+FFFD.
Invalid UTF-8 byte or sequence at line 59 replaced by U+FFFD.
Invalid UTF-8 byte or sequence at line 59 replaced by U+FFFD.

("C:\Program Files\MiKTeX\tex/generic/simplekv\simplekv.tex"
Invalid UTF-8 byte or sequence at line 2 replaced by U+FFFD.
Invalid UTF-8 byte or sequence at line 35 replaced by U+FFFD.
Invalid UTF-8 byte or sequence at line 37 replaced by U+FFFD.
Invalid UTF-8 byte or sequence at line 42 replaced by U+FFFD.
Package: simplekv 2020/04/27 v0.2 Simple keyval package (CT)
Invalid UTF-8 byte or sequence at line 69 replaced by U+FFFD.
Invalid UTF-8 byte or sequence at line 86 replaced by U+FFFD.
Invalid UTF-8 byte or sequence at line 97 replaced by U+FFFD.
Invalid UTF-8 byte or sequence at line 111 replaced by U+FFFD.
Invalid UTF-8 byte or sequence at line 113 replaced by U+FFFD.
)
("C:\Program Files\MiKTeX\tex/generic/pgf/libraries\pgflibraryarrows.meta.code.
tex"
File: pgflibraryarrows.meta.code.tex 2020/01/08 v3.1.5b (3.1.5b)
\pgfarrowinset=\dimen287
\pgfarrowlength=\dimen288
\pgfarrowwidth=\dimen289
\pgfarrowlinewidth=\dimen290
)
\CF_cntatomgroup=\count305
\CF_cntgroup=\count306
\CF_cntatom=\count307
\CF_cntcycle=\count308
\CF_cntcyclebonds=\count309
\CF_cntcompound=\count310
\CF_dim=\dimen291
\CF_arrowsize=\dimen292
\CF_zero=\dimen293
\CF_boxlewis=\box61
\CF_box=\box62
\CF_boxstuff=\box63
\CF_testbox=\box64
\CF_chargebox=\box65
\CF_substtoks=\toks33
Invalid UTF-8 byte or sequence at line 165 replaced by U+FFFD.
Invalid UTF-8 byte or sequence at line 191 replaced by U+FFFD.
Invalid UTF-8 byte or sequence at line 275 replaced by U+FFFD.
Invalid UTF-8 byte or sequence at line 276 replaced by U+FFFD.
Invalid UTF-8 byte or sequence at line 276 replaced by U+FFFD.
Invalid UTF-8 byte or sequence at line 276 replaced by U+FFFD.
Invalid UTF-8 byte or sequence at line 292 replaced by U+FFFD.
Invalid UTF-8 byte or sequence at line 292 replaced by U+FFFD.
Invalid UTF-8 byte or sequence at line 293 replaced by U+FFFD.
Invalid UTF-8 byte or sequence at line 293 replaced by U+FFFD.
Invalid UTF-8 byte or sequence at line 316 replaced by U+FFFD.
Invalid UTF-8 byte or sequence at line 316 replaced by U+FFFD.
Invalid UTF-8 byte or sequence at line 316 replaced by U+FFFD.
Invalid UTF-8 byte or sequence at line 349 replaced by U+FFFD.
Invalid UTF-8 byte or sequence at line 357 replaced by U+FFFD.
Invalid UTF-8 byte or sequence at line 397 replaced by U+FFFD.
Invalid UTF-8 byte or sequence at line 398 replaced by U+FFFD.
Invalid UTF-8 byte or sequence at line 440 replaced by U+FFFD.
Invalid UTF-8 byte or sequence at line 454 replaced by U+FFFD.
Invalid UTF-8 byte or sequence at line 454 replaced by U+FFFD.
Invalid UTF-8 byte or sequence at line 454 replaced by U+FFFD.
Invalid UTF-8 byte or sequence at line 454 replaced by U+FFFD.
Invalid UTF-8 byte or sequence at line 454 replaced by U+FFFD.
Invalid UTF-8 byte or sequence at line 455 replaced by U+FFFD.
Invalid UTF-8 byte or sequence at line 463 replaced by U+FFFD.
Invalid UTF-8 byte or sequence at line 473 replaced by U+FFFD.
Invalid UTF-8 byte or sequence at line 493 replaced by U+FFFD.
Invalid UTF-8 byte or sequence at line 493 replaced by U+FFFD.
Invalid UTF-8 byte or sequence at line 557 replaced by U+FFFD.
Invalid UTF-8 byte or sequence at line 561 replaced by U+FFFD.
Invalid UTF-8 byte or sequence at line 596 replaced by U+FFFD.
Invalid UTF-8 byte or sequence at line 604 replaced by U+FFFD.
Invalid UTF-8 byte or sequence at line 607 replaced by U+FFFD.
Invalid UTF-8 byte or sequence at line 609 replaced by U+FFFD.
Invalid UTF-8 byte or sequence at line 611 replaced by U+FFFD.
Invalid UTF-8 byte or sequence at line 611 replaced by U+FFFD.
Invalid UTF-8 byte or sequence at line 635 replaced by U+FFFD.
Invalid UTF-8 byte or sequence at line 647 replaced by U+FFFD.
Invalid UTF-8 byte or sequence at line 647 replaced by U+FFFD.
Invalid UTF-8 byte or sequence at line 647 replaced by U+FFFD.
Invalid UTF-8 byte or sequence at line 648 replaced by U+FFFD.
Invalid UTF-8 byte or sequence at line 652 replaced by U+FFFD.
Invalid UTF-8 byte or sequence at line 652 replaced by U+FFFD.
Invalid UTF-8 byte or sequence at line 674 replaced by U+FFFD.
Invalid UTF-8 byte or sequence at line 674 replaced by U+FFFD.
Invalid UTF-8 byte or sequence at line 705 replaced by U+FFFD.
Invalid UTF-8 byte or sequence at line 705 replaced by U+FFFD.
Invalid UTF-8 byte or sequence at line 745 replaced by U+FFFD.
Invalid UTF-8 byte or sequence at line 745 replaced by U+FFFD.
Invalid UTF-8 byte or sequence at line 754 replaced by U+FFFD.
Invalid UTF-8 byte or sequence at line 770 replaced by U+FFFD.
Invalid UTF-8 byte or sequence at line 772 replaced by U+FFFD.
Invalid UTF-8 byte or sequence at line 772 replaced by U+FFFD.
Invalid UTF-8 byte or sequence at line 773 replaced by U+FFFD.
Invalid UTF-8 byte or sequence at line 773 replaced by U+FFFD.
Invalid UTF-8 byte or sequence at line 776 replaced by U+FFFD.
Invalid UTF-8 byte or sequence at line 776 replaced by U+FFFD.
Invalid UTF-8 byte or sequence at line 798 replaced by U+FFFD.
Invalid UTF-8 byte or sequence at line 812 replaced by U+FFFD.
Invalid UTF-8 byte or sequence at line 812 replaced by U+FFFD.
Invalid UTF-8 byte or sequence at line 828 replaced by U+FFFD.
Invalid UTF-8 byte or sequence at line 828 replaced by U+FFFD.
Invalid UTF-8 byte or sequence at line 828 replaced by U+FFFD.
Invalid UTF-8 byte or sequence at line 834 replaced by U+FFFD.
Invalid UTF-8 byte or sequence at line 836 replaced by U+FFFD.
Invalid UTF-8 byte or sequence at line 836 replaced by U+FFFD.
Invalid UTF-8 byte or sequence at line 837 replaced by U+FFFD.
Invalid UTF-8 byte or sequence at line 837 replaced by U+FFFD.
Invalid UTF-8 byte or sequence at line 837 replaced by U+FFFD.
Invalid UTF-8 byte or sequence at line 847 replaced by U+FFFD.
Invalid UTF-8 byte or sequence at line 854 replaced by U+FFFD.
Invalid UTF-8 byte or sequence at line 859 replaced by U+FFFD.
Invalid UTF-8 byte or sequence at line 860 replaced by U+FFFD.
Invalid UTF-8 byte or sequence at line 862 replaced by U+FFFD.
Invalid UTF-8 byte or sequence at line 897 replaced by U+FFFD.
Invalid UTF-8 byte or sequence at line 914 replaced by U+FFFD.
Invalid UTF-8 byte or sequence at line 937 replaced by U+FFFD.
Invalid UTF-8 byte or sequence at line 937 replaced by U+FFFD.
Invalid UTF-8 byte or sequence at line 938 replaced by U+FFFD.
Invalid UTF-8 byte or sequence at line 969 replaced by U+FFFD.
Invalid UTF-8 byte or sequence at line 969 replaced by U+FFFD.
Invalid UTF-8 byte or sequence at line 973 replaced by U+FFFD.
Invalid UTF-8 byte or sequence at line 973 replaced by U+FFFD.
Invalid UTF-8 byte or sequence at line 974 replaced by U+FFFD.
Invalid UTF-8 byte or sequence at line 980 replaced by U+FFFD.
Invalid UTF-8 byte or sequence at line 989 replaced by U+FFFD.
Invalid UTF-8 byte or sequence at line 989 replaced by U+FFFD.
Invalid UTF-8 byte or sequence at line 992 replaced by U+FFFD.
Invalid UTF-8 byte or sequence at line 996 replaced by U+FFFD.
Invalid UTF-8 byte or sequence at line 1001 replaced by U+FFFD.
Invalid UTF-8 byte or sequence at line 1001 replaced by U+FFFD.
Invalid UTF-8 byte or sequence at line 1098 replaced by U+FFFD.
Invalid UTF-8 byte or sequence at line 1098 replaced by U+FFFD.
Invalid UTF-8 byte or sequence at line 1099 replaced by U+FFFD.
Invalid UTF-8 byte or sequence at line 1133 replaced by U+FFFD.
Invalid UTF-8 byte or sequence at line 1133 replaced by U+FFFD.
Invalid UTF-8 byte or sequence at line 1169 replaced by U+FFFD.
Invalid UTF-8 byte or sequence at line 1183 replaced by U+FFFD.
Invalid UTF-8 byte or sequence at line 1208 replaced by U+FFFD.
Invalid UTF-8 byte or sequence at line 1215 replaced by U+FFFD.
Invalid UTF-8 byte or sequence at line 1222 replaced by U+FFFD.
Invalid UTF-8 byte or sequence at line 1222 replaced by U+FFFD.
Invalid UTF-8 byte or sequence at line 1226 replaced by U+FFFD.
Invalid UTF-8 byte or sequence at line 1226 replaced by U+FFFD.
Invalid UTF-8 byte or sequence at line 1242 replaced by U+FFFD.
Invalid UTF-8 byte or sequence at line 1266 replaced by U+FFFD.
Invalid UTF-8 byte or sequence at line 1266 replaced by U+FFFD.
Invalid UTF-8 byte or sequence at line 1321 replaced by U+FFFD.
Invalid UTF-8 byte or sequence at line 1356 replaced by U+FFFD.
Invalid UTF-8 byte or sequence at line 1357 replaced by U+FFFD.
Invalid UTF-8 byte or sequence at line 1373 replaced by U+FFFD.
Invalid UTF-8 byte or sequence at line 1413 replaced by U+FFFD.
Invalid UTF-8 byte or sequence at line 1413 replaced by U+FFFD.
Invalid UTF-8 byte or sequence at line 1432 replaced by U+FFFD.
Invalid UTF-8 byte or sequence at line 1435 replaced by U+FFFD.
Invalid UTF-8 byte or sequence at line 1435 replaced by U+FFFD.
Invalid UTF-8 byte or sequence at line 1495 replaced by U+FFFD.
Invalid UTF-8 byte or sequence at line 1504 replaced by U+FFFD.
Invalid UTF-8 byte or sequence at line 1504 replaced by U+FFFD.
Invalid UTF-8 byte or sequence at line 1544 replaced by U+FFFD.
Invalid UTF-8 byte or sequence at line 1547 replaced by U+FFFD.
Invalid UTF-8 byte or sequence at line 1547 replaced by U+FFFD.
Invalid UTF-8 byte or sequence at line 1547 replaced by U+FFFD.
Invalid UTF-8 byte or sequence at line 1548 replaced by U+FFFD.
Invalid UTF-8 byte or sequence at line 1548 replaced by U+FFFD.
Invalid UTF-8 byte or sequence at line 1552 replaced by U+FFFD.
Invalid UTF-8 byte or sequence at line 1552 replaced by U+FFFD.
Invalid UTF-8 byte or sequence at line 1587 replaced by U+FFFD.
Invalid UTF-8 byte or sequence at line 1622 replaced by U+FFFD.
Invalid UTF-8 byte or sequence at line 1627 replaced by U+FFFD.
Invalid UTF-8 byte or sequence at line 1715 replaced by U+FFFD.
Invalid UTF-8 byte or sequence at line 1753 replaced by U+FFFD.
Invalid UTF-8 byte or sequence at line 1956 replaced by U+FFFD.
Invalid UTF-8 byte or sequence at line 1956 replaced by U+FFFD.
Invalid UTF-8 byte or sequence at line 2051 replaced by U+FFFD.
Invalid UTF-8 byte or sequence at line 2167 replaced by U+FFFD.
Invalid UTF-8 byte or sequence at line 2185 replaced by U+FFFD.
Invalid UTF-8 byte or sequence at line 2185 replaced by U+FFFD.
Invalid UTF-8 byte or sequence at line 2185 replaced by U+FFFD.
Invalid UTF-8 byte or sequence at line 2221 replaced by U+FFFD.
Invalid UTF-8 byte or sequence at line 2234 replaced by U+FFFD.
Invalid UTF-8 byte or sequence at line 2234 replaced by U+FFFD.
Invalid UTF-8 byte or sequence at line 2254 replaced by U+FFFD.
Invalid UTF-8 byte or sequence at line 2254 replaced by U+FFFD.
Invalid UTF-8 byte or sequence at line 2255 replaced by U+FFFD.
Invalid UTF-8 byte or sequence at line 2255 replaced by U+FFFD.
Invalid UTF-8 byte or sequence at line 2255 replaced by U+FFFD.
Invalid UTF-8 byte or sequence at line 2255 replaced by U+FFFD.
Invalid UTF-8 byte or sequence at line 2255 replaced by U+FFFD.
Invalid UTF-8 byte or sequence at line 2303 replaced by U+FFFD.
Invalid UTF-8 byte or sequence at line 2303 replaced by U+FFFD.
Invalid UTF-8 byte or sequence at line 2449 replaced by U+FFFD.
Invalid UTF-8 byte or sequence at line 2477 replaced by U+FFFD.
Invalid UTF-8 byte or sequence at line 2477 replaced by U+FFFD.
Invalid UTF-8 byte or sequence at line 2477 replaced by U+FFFD.
)
Package: chemfig 2020/07/13 v1.56 Draw molecule with an easy syntax (CT)
) ("C:\Program Files\MiKTeX\tex/latex/mhchem\mhchem.sty"
Package: mhchem 2018/06/22 v4.08 for typesetting chemical formulae

("C:\Program Files\MiKTeX\tex/latex/tools\calc.sty"
Package: calc 2017/05/25 v4.3 Infix arithmetic (KKT,FJ)
\calc@Acount=\count311
\calc@Bcount=\count312
\calc@Adimen=\dimen294
\calc@Bdimen=\dimen295
\calc@Askip=\skip60
\calc@Bskip=\skip61
LaTeX Info: Redefining \setlength on input line 80.
LaTeX Info: Redefining \addtolength on input line 81.
\calc@Ccount=\count313
\calc@Cskip=\skip62
)
("C:\Program Files\MiKTeX\tex/latex/chemgreek\chemgreek.sty"
Package: chemgreek 2020/01/16 v1.1a interface for upright Greek letters for use
 in chemistry (CN)
\l__chemgreek_tmpa_int=\count314
\g__chemgreek_tmpa_int=\count315
)
\l__mhchem_ce_distanceFromLastComma_int=\count316
\__mhchem_arrow_extPgfLength_skip=\skip63
\mhchem@minispace@tmp=\skip64
\mhchem@minibackspace@tmp=\skip65
\mhchem@bondwidth=\skip66
\mhchem@bondheight=\skip67
\mhchem@smallbondwidth@tmpA=\skip68
\mhchem@smallbondwidth@tmpB=\skip69
\mhchem@smallbondwidth=\skip70
\mhchem@bondtmp@minussidebearingleft=\skip71
\mhchem@bondtmp@minussidebearingright=\skip72
\l__mhchem_option_version_int=\count317
\mhchem@option@minusmathsidebearingleft=\dimen296
\mhchem@option@minusmathsidebearingright=\dimen297
\mhchem@option@minustextsidebearingleft=\dimen298
\mhchem@option@minustextsidebearingright=\dimen299
)
("C:\Program Files\MiKTeX\tex/latex/amsfonts\amssymb.sty"
Package: amssymb 2013/01/14 v3.01 AMS font symbols

("C:\Program Files\MiKTeX\tex/latex/amsfonts\amsfonts.sty"
Package: amsfonts 2013/01/14 v3.01 Basic AMSFonts support
\symAMSa=\mathgroup4
\symAMSb=\mathgroup5
LaTeX Font Info:    Redeclaring math symbol \hbar on input line 98.
LaTeX Font Info:    Overwriting math alphabet `\mathfrak' in version `bold'
(Font)                  U/euf/m/n --> U/euf/b/n on input line 106.
))
("C:\Program Files\MiKTeX\tex/latex/siunitx\siunitx.sty"
Package: siunitx 2020/02/25 v2.8b A comprehensive (SI) units package

("C:\Program Files\MiKTeX\tex/latex/tools\array.sty"
Package: array 2019/08/31 v2.4l Tabular extension package (FMi)
\col@sep=\dimen300
\ar@mcellbox=\box66
\extrarowheight=\dimen301
\NC@list=\toks34
\extratabsurround=\skip73
\backup@length=\skip74
\ar@cellbox=\box67
)
\l__siunitx_tmp_box=\box68
\l__siunitx_tmp_dim=\dimen302
\l__siunitx_tmp_int=\count318
\l__siunitx_number_mantissa_length_int=\count319
\l__siunitx_number_uncert_length_int=\count320
\l__siunitx_round_int=\count321
\l__siunitx_process_decimal_int=\count322
\l__siunitx_process_uncertainty_int=\count323
\l__siunitx_process_fixed_int=\count324
\l__siunitx_process_integer_min_int=\count325
\l__siunitx_process_precision_int=\count326
\l__siunitx_group_min_int=\count327
\l__siunitx_angle_marker_box=\box69
\l__siunitx_angle_unit_box=\box70
\l__siunitx_angle_marker_dim=\dimen303
\l__siunitx_angle_unit_dim=\dimen304
\l__siunitx_unit_int=\count328
\l__siunitx_unit_denominator_int=\count329
\l__siunitx_unit_numerator_int=\count330
\l__siunitx_unit_prefix_int=\count331
\l__siunitx_unit_prefix_base_int=\count332
\l__siunitx_unit_prefix_gram_int=\count333
\l__siunitx_number_product_int=\count334
\c__siunitx_one_fill_skip=\skip75
\l__siunitx_table_unit_align_skip=\skip76
\l__siunitx_table_exponent_dim=\dimen305
\l__siunitx_table_integer_dim=\dimen306
\l__siunitx_table_mantissa_dim=\dimen307
\l__siunitx_table_marker_dim=\dimen308
\l__siunitx_table_result_dim=\dimen309
\l__siunitx_table_uncert_dim=\dimen310
\l__siunitx_table_fill_pre_dim=\dimen311
\l__siunitx_table_fill_post_dim=\dimen312
\l__siunitx_table_fill_mid_dim=\dimen313
\l__siunitx_table_pre_box=\box71
\l__siunitx_table_post_box=\box72
\l__siunitx_table_mantissa_box=\box73
\l__siunitx_table_result_box=\box74
\l__siunitx_table_number_align_skip=\skip77
\l__siunitx_table_text_align_skip=\skip78

("C:\Program Files\MiKTeX\tex/latex/translator\translator.sty"
Package: translator 2020-08-03 v1.12c Easy translation of strings in LaTeX
))
("C:\Program Files\MiKTeX\tex/latex/bigfoot\bigfoot.sty"
Package: bigfoot 2015/08/30 2.1 makes footnotes work

("C:\Program Files\MiKTeX\tex/latex/ncctools\manyfoot.sty"
Package: manyfoot 2019/08/03 v1.11 Many Footnote Levels Package (NCC)

("C:\Program Files\MiKTeX\tex/latex/ncctools\nccfoots.sty"
Package: nccfoots 2005/02/03 v1.2 NCC Footnotes Package (NCC)
)
\MFL@columnwidth=\dimen314
)
("C:\Program Files\MiKTeX\tex/latex/bigfoot\suffix.sty"
Package: suffix 2006/07/15 1.5a Variant command support
)
("C:\Program Files\MiKTeX\tex/latex/bigfoot\perpage.sty"
Package: perpage 2014/10/25 2.0 Reset/sort counters per page
\c@abspage=\count335
)
\footnotewidowpenalty=\count336
\footnoteclubpenalty=\count337
\finalfootnotewidowpenalty=\count338
\c@FN@totalid=\count339
\c@pp@a@FN@totalid=\count340
\FN@id=\count341
\FN@master=\marks1
\FN@slave=\marks2
\FN@color=\marks3
\FN@outervsize=\dimen315
\FN@vsize=\skip79
\FN@insertions=\box75
\FN@output=\toks35
\FN@tempbox=\box76
\FN@savebox=\insert252
\FN@topmarkbox=\box77
\FN@outputflag=\count342
\FN@myvsize=\dimen316
\bigfoottolerance=\count343
)
("C:\Program Files\MiKTeX\tex/latex/fancyvrb\fancyvrb.sty"
Package: fancyvrb 2020/05/03 v3.6 verbatim text (tvz,hv)
\FV@CodeLineNo=\count344
\FV@InFile=\read3
\FV@TabBox=\box78
\c@FancyVerbLine=\count345
\FV@StepNumber=\count346
\FV@OutFile=\write4
)
("C:\Program Files\MiKTeX\tex/latex/geometry\geometry.sty"
Package: geometry 2020/01/02 v5.9 Page Geometry

("C:\Program Files\MiKTeX\tex/generic/iftex\ifvtex.sty"
Package: ifvtex 2019/10/25 v1.7 ifvtex legacy package. Use iftex instead.

("C:\Program Files\MiKTeX\tex/generic/iftex\iftex.sty"
Package: iftex 2020/03/06 v1.0d TeX engine tests
))
\Gm@cnth=\count347
\Gm@cntv=\count348
\c@Gm@tempcnt=\count349
\Gm@bindingoffset=\dimen317
\Gm@wd@mp=\dimen318
\Gm@odd@mp=\dimen319
\Gm@even@mp=\dimen320
\Gm@layoutwidth=\dimen321
\Gm@layoutheight=\dimen322
\Gm@layouthoffset=\dimen323
\Gm@layoutvoffset=\dimen324
\Gm@dimlist=\toks36

("C:\Program Files\MiKTeX\tex/xelatex/xetexconfig\geometry.cfg"))
("C:\Program Files\MiKTeX\tex/latex/hyperref\hyperref.sty"
Package: hyperref 2020-05-15 v7.00e Hypertext links for LaTeX

("C:\Program Files\MiKTeX\tex/generic/ltxcmds\ltxcmds.sty"
Package: ltxcmds 2019/12/15 v1.24 LaTeX kernel commands for general use (HO)
)
("C:\Program Files\MiKTeX\tex/generic/pdftexcmds\pdftexcmds.sty"
Package: pdftexcmds 2020-06-27 v0.33 Utility functions of pdfTeX for LuaTeX (HO
)

("C:\Program Files\MiKTeX\tex/generic/infwarerr\infwarerr.sty"
Package: infwarerr 2019/12/03 v1.5 Providing info/warning/error messages (HO)
)
Package pdftexcmds Info: \pdf@primitive is available.
Package pdftexcmds Info: \pdf@ifprimitive is available.
Package pdftexcmds Info: \pdfdraftmode not found.
)
("C:\Program Files\MiKTeX\tex/generic/kvsetkeys\kvsetkeys.sty"
Package: kvsetkeys 2019/12/15 v1.18 Key value parser (HO)
)
("C:\Program Files\MiKTeX\tex/generic/kvdefinekeys\kvdefinekeys.sty"
Package: kvdefinekeys 2019-12-19 v1.6 Define keys (HO)
)
("C:\Program Files\MiKTeX\tex/generic/pdfescape\pdfescape.sty"
Package: pdfescape 2019/12/09 v1.15 Implements pdfTeX's escape features (HO)
)
("C:\Program Files\MiKTeX\tex/latex/hycolor\hycolor.sty"
Package: hycolor 2020-01-27 v1.10 Color options for hyperref/bookmark (HO)
)
("C:\Program Files\MiKTeX\tex/latex/letltxmacro\letltxmacro.sty"
Package: letltxmacro 2019/12/03 v1.6 Let assignment for LaTeX macros (HO)
)
("C:\Program Files\MiKTeX\tex/latex/auxhook\auxhook.sty"
Package: auxhook 2019-12-17 v1.6 Hooks for auxiliary files (HO)
)
("C:\Program Files\MiKTeX\tex/latex/kvoptions\kvoptions.sty"
Package: kvoptions 2019/11/29 v3.13 Key value format for package options (HO)
)
\@linkdim=\dimen325
\Hy@linkcounter=\count350
\Hy@pagecounter=\count351

("C:\Program Files\MiKTeX\tex/latex/hyperref\pd1enc.def"
File: pd1enc.def 2020-05-15 v7.00e Hyperref: PDFDocEncoding definition (HO)
)
("C:\Program Files\MiKTeX\tex/generic/intcalc\intcalc.sty"
Package: intcalc 2019/12/15 v1.3 Expandable calculations with integers (HO)
)
("C:\Program Files\MiKTeX\tex/generic/etexcmds\etexcmds.sty"
Package: etexcmds 2019/12/15 v1.7 Avoid name clashes with e-TeX commands (HO)
)
\Hy@SavedSpaceFactor=\count352
Package hyperref Info: Option `unicode' set `true' on input line 4338.

("C:\Program Files\MiKTeX\tex/latex/hyperref\puenc.def"
File: puenc.def 2020-05-15 v7.00e Hyperref: PDF Unicode definition (HO)
)
Package hyperref Info: Option `hyperfootnotes' set `false' on input line 4338.
Package hyperref Info: Hyper figures OFF on input line 4464.
Package hyperref Info: Link nesting OFF on input line 4469.
Package hyperref Info: Hyper index ON on input line 4472.
Package hyperref Info: Plain pages OFF on input line 4479.
Package hyperref Info: Backreferencing OFF on input line 4484.
Package hyperref Info: Implicit mode ON; LaTeX internals redefined.
Package hyperref Info: Bookmarks ON on input line 4717.
\c@Hy@tempcnt=\count353

("C:\Program Files\MiKTeX\tex/latex/url\url.sty"
\Urlmuskip=\muskip18
Package: url 2013/09/16  ver 3.4  Verb mode for urls, etc.
)
LaTeX Info: Redefining \url on input line 5076.
\XeTeXLinkMargin=\dimen326

("C:\Program Files\MiKTeX\tex/generic/bitset\bitset.sty"
Package: bitset 2019/12/09 v1.3 Handle bit-vector datatype (HO)

("C:\Program Files\MiKTeX\tex/generic/bigintcalc\bigintcalc.sty"
Package: bigintcalc 2019/12/15 v1.5 Expandable calculations on big integers (HO
)
))
\Fld@menulength=\count354
\Field@Width=\dimen327
\Fld@charsize=\dimen328
Package hyperref Info: Hyper figures OFF on input line 6347.
Package hyperref Info: Link nesting OFF on input line 6352.
Package hyperref Info: Hyper index ON on input line 6355.
Package hyperref Info: backreferencing OFF on input line 6362.
Package hyperref Info: Link coloring OFF on input line 6367.
Package hyperref Info: Link coloring with OCG OFF on input line 6372.
Package hyperref Info: PDF/A mode OFF on input line 6377.
LaTeX Info: Redefining \ref on input line 6417.
LaTeX Info: Redefining \pageref on input line 6421.

("C:\Program Files\MiKTeX\tex/generic/atbegshi\atbegshi.sty"
Package: atbegshi 2019/12/05 v1.19 At begin shipout hook (HO)
)
\Hy@abspage=\count355
\c@Item=\count356
)
Package hyperref Info: Driver (autodetected): hxetex.

("C:\Program Files\MiKTeX\tex/latex/hyperref\hxetex.def"
File: hxetex.def 2020-05-15 v7.00e Hyperref driver for XeTeX

("C:\Program Files\MiKTeX\tex/generic/stringenc\stringenc.sty"
Package: stringenc 2019/11/29 v1.12 Convert strings between diff. encodings (HO
)
)
\pdfm@box=\box79
\c@Hy@AnnotLevel=\count357
\HyField@AnnotCount=\count358
\Fld@listcount=\count359
\c@bookmark@seq@number=\count360

("C:\Program Files\MiKTeX\tex/latex/rerunfilecheck\rerunfilecheck.sty"
Package: rerunfilecheck 2019/12/05 v1.9 Rerun checks for auxiliary files (HO)

("C:\Program Files\MiKTeX\tex/latex/atveryend\atveryend.sty"
Package: atveryend 2019-12-11 v1.11 Hooks at the very end of document (HO)
Package atveryend Info: \enddocument detected (standard20110627).
)
("C:\Program Files\MiKTeX\tex/generic/uniquecounter\uniquecounter.sty"
Package: uniquecounter 2019/12/15 v1.4 Provide unlimited unique counter (HO)
)
Package uniquecounter Info: New unique counter `rerunfilecheck' on input line 2
86.
)
\Hy@SectionHShift=\skip80
)
(LaTeX_chem_formula.aux)
\openout1 = `LaTeX_chem_formula.aux'.

LaTeX Font Info:    Checking defaults for OML/cmm/m/it on input line 22.
LaTeX Font Info:    ... okay on input line 22.
LaTeX Font Info:    Checking defaults for OMS/cmsy/m/n on input line 22.
LaTeX Font Info:    ... okay on input line 22.
LaTeX Font Info:    Checking defaults for OT1/cmr/m/n on input line 22.
LaTeX Font Info:    ... okay on input line 22.
LaTeX Font Info:    Checking defaults for T1/cmr/m/n on input line 22.
LaTeX Font Info:    ... okay on input line 22.
LaTeX Font Info:    Checking defaults for TS1/cmr/m/n on input line 22.
LaTeX Font Info:    ... okay on input line 22.
LaTeX Font Info:    Checking defaults for TU/lmr/m/n on input line 22.
LaTeX Font Info:    ... okay on input line 22.
LaTeX Font Info:    Checking defaults for OMX/cmex/m/n on input line 22.
LaTeX Font Info:    ... okay on input line 22.
LaTeX Font Info:    Checking defaults for U/cmr/m/n on input line 22.
LaTeX Font Info:    ... okay on input line 22.
LaTeX Font Info:    Checking defaults for PD1/pdf/m/n on input line 22.
LaTeX Font Info:    ... okay on input line 22.
LaTeX Font Info:    Checking defaults for PU/pdf/m/n on input line 22.
LaTeX Font Info:    ... okay on input line 22.
 ABD: EverySelectfont initializing macros
LaTeX Info: Redefining \selectfont on input line 22.

Package fontspec Info: Adjusting the maths setup (use [no-math] to avoid
(fontspec)             this).

\symlegacymaths=\mathgroup6
LaTeX Font Info:    Overwriting symbol font `legacymaths' in version `bold'
(Font)                  OT1/cmr/m/n --> OT1/cmr/bx/n on input line 22.
LaTeX Font Info:    Redeclaring math accent \acute on input line 22.
LaTeX Font Info:    Redeclaring math accent \grave on input line 22.
LaTeX Font Info:    Redeclaring math accent \ddot on input line 22.
LaTeX Font Info:    Redeclaring math accent \tilde on input line 22.
LaTeX Font Info:    Redeclaring math accent \bar on input line 22.
LaTeX Font Info:    Redeclaring math accent \breve on input line 22.
LaTeX Font Info:    Redeclaring math accent \check on input line 22.
LaTeX Font Info:    Redeclaring math accent \hat on input line 22.
LaTeX Font Info:    Redeclaring math accent \dot on input line 22.
LaTeX Font Info:    Redeclaring math accent \mathring on input line 22.
LaTeX Font Info:    Redeclaring math symbol \Gamma on input line 22.
LaTeX Font Info:    Redeclaring math symbol \Delta on input line 22.
LaTeX Font Info:    Redeclaring math symbol \Theta on input line 22.
LaTeX Font Info:    Redeclaring math symbol \Lambda on input line 22.
LaTeX Font Info:    Redeclaring math symbol \Xi on input line 22.
LaTeX Font Info:    Redeclaring math symbol \Pi on input line 22.
LaTeX Font Info:    Redeclaring math symbol \Sigma on input line 22.
LaTeX Font Info:    Redeclaring math symbol \Upsilon on input line 22.
LaTeX Font Info:    Redeclaring math symbol \Phi on input line 22.
LaTeX Font Info:    Redeclaring math symbol \Psi on input line 22.
LaTeX Font Info:    Redeclaring math symbol \Omega on input line 22.
LaTeX Font Info:    Redeclaring math symbol \mathdollar on input line 22.
LaTeX Font Info:    Redeclaring symbol font `operators' on input line 22.
LaTeX Font Info:    Encoding `OT1' has changed to `TU' for symbol font
(Font)              `operators' in the math version `normal' on input line 22.
LaTeX Font Info:    Overwriting symbol font `operators' in version `normal'
(Font)                  OT1/cmr/m/n --> TU/lmr/m/n on input line 22.
LaTeX Font Info:    Encoding `OT1' has changed to `TU' for symbol font
(Font)              `operators' in the math version `bold' on input line 22.
LaTeX Font Info:    Overwriting symbol font `operators' in version `bold'
(Font)                  OT1/cmr/bx/n --> TU/lmr/m/n on input line 22.
LaTeX Font Info:    Overwriting symbol font `operators' in version `normal'
(Font)                  TU/lmr/m/n --> TU/lmr/m/n on input line 22.
LaTeX Font Info:    Overwriting math alphabet `\mathit' in version `normal'
(Font)                  OT1/cmr/m/it --> TU/lmr/m/it on input line 22.
LaTeX Font Info:    Overwriting math alphabet `\mathbf' in version `normal'
(Font)                  OT1/cmr/bx/n --> TU/lmr/b/n on input line 22.
LaTeX Font Info:    Overwriting math alphabet `\mathsf' in version `normal'
(Font)                  OT1/cmss/m/n --> TU/lmss/m/n on input line 22.
LaTeX Font Info:    Overwriting math alphabet `\mathtt' in version `normal'
(Font)                  OT1/cmtt/m/n --> TU/lmtt/m/n on input line 22.
LaTeX Font Info:    Overwriting symbol font `operators' in version `bold'
(Font)                  TU/lmr/m/n --> TU/lmr/b/n on input line 22.
LaTeX Font Info:    Overwriting math alphabet `\mathit' in version `bold'
(Font)                  OT1/cmr/bx/it --> TU/lmr/b/it on input line 22.
LaTeX Font Info:    Overwriting math alphabet `\mathsf' in version `bold'
(Font)                  OT1/cmss/bx/n --> TU/lmss/b/n on input line 22.
LaTeX Font Info:    Overwriting math alphabet `\mathtt' in version `bold'
(Font)                  OT1/cmtt/m/n --> TU/lmtt/b/n on input line 22.

ABD: EveryShipout initializing macros

Package chemgreek Info: Activating mapping `fontspec' on line 22.


("C:\Program Files\MiKTeX\tex/latex/translator\translator-basic-dictionary-Engl
ish.dict"
Dictionary: translator-basic-dictionary, Language: English 
) ("C:\Program Files\MiKTeX\tex/latex/siunitx\siunitx-abbreviations.cfg"
File: siunitx-abbreviations.cfg 2017/11/26 v2.7k siunitx: Abbreviated units
)
\footinsdefault=\insert251
\FN@cache251=\box80

*geometry* detected driver: pdftex
*geometry* verbose mode - [ preamble ] result:
* driver: pdftex
* paper: a4paper
* layout: <same size as paper>
* layoutoffset:(h,v)=(0.0pt,0.0pt)
* modes: 
* h-part:(L,W,R)=(71.13188pt, 455.24411pt, 71.13188pt)
* v-part:(T,H,B)=(56.9055pt, 702.78308pt, 85.35826pt)
* \paperwidth=597.50787pt
* \paperheight=845.04684pt
* \textwidth=455.24411pt
* \textheight=702.78308pt
* \oddsidemargin=-1.1381pt
* \evensidemargin=-1.1381pt
* \topmargin=-52.36449pt
* \headheight=12.0pt
* \headsep=25.0pt
* \topskip=10.0pt
* \footskip=30.0pt
* \marginparwidth=57.0pt
* \marginparsep=11.0pt
* \columnsep=10.0pt
* \skip\footins=9.0pt plus 4.0pt minus 2.0pt
* \hoffset=0.0pt
* \voffset=0.0pt
* \mag=1000
* \@twocolumnfalse
* \@twosidefalse
* \@mparswitchfalse
* \@reversemarginfalse
* (1in=72.27pt=25.4mm, 1cm=28.453pt)

\AtBeginShipoutBox=\box81
Package hyperref Info: Link coloring OFF on input line 22.
("C:\Program Files\MiKTeX\tex/latex/hyperref\nameref.sty"
Package: nameref 2019/09/16 v2.46 Cross-referencing by name of section

("C:\Program Files\MiKTeX\tex/latex/refcount\refcount.sty"
Package: refcount 2019/12/15 v3.6 Data extraction from label references (HO)
)
("C:\Program Files\MiKTeX\tex/generic/gettitlestring\gettitlestring.sty"
Package: gettitlestring 2019/12/15 v1.6 Cleanup title references (HO)
)
\c@section@level=\count361
)
LaTeX Info: Redefining \ref on input line 22.
LaTeX Info: Redefining \pageref on input line 22.
LaTeX Info: Redefining \nameref on input line 22.

(LaTeX_chem_formula.out) (LaTeX_chem_formula.out)
\@outlinefile=\write5
\openout5 = `LaTeX_chem_formula.out'.

LaTeX Font Info:    Trying to load font information for U+msa on input line 22.


("C:\Program Files\MiKTeX\tex/latex/amsfonts\umsa.fd"
File: umsa.fd 2013/01/14 v3.01 AMS symbols A
)
LaTeX Font Info:    Trying to load font information for U+msb on input line 22.


("C:\Program Files\MiKTeX\tex/latex/amsfonts\umsb.fd"
File: umsb.fd 2013/01/14 v3.01 AMS symbols B
) (LaTeX_chem_formula.toc)
\tf@toc=\write6
\openout6 = `LaTeX_chem_formula.toc'.

[1

]

Package fontspec Info: Could not resolve font "FangSong/BI" (it probably
(fontspec)             doesn't exist).


Package fontspec Info: Could not resolve font "FangSong/B" (it probably
(fontspec)             doesn't exist).


Package fontspec Info: Could not resolve font "FangSong/I" (it probably
(fontspec)             doesn't exist).


Package fontspec Info: Font family 'FangSong(0)' created for font 'FangSong'
(fontspec)             with options [Script={CJK}].
(fontspec)              
(fontspec)              This font family consists of the following NFSS
(fontspec)             series/shapes:
(fontspec)              
(fontspec)             - 'normal' (m/n) with NFSS spec.:
(fontspec)             <->"FangSong/OT:script=hani;language=dflt;"
(fontspec)             - 'small caps'  (m/sc) with NFSS spec.: 


Overfull \hbox (8.65906pt too wide) in paragraph at lines 36--37
[]\TU/SimSun(0)/m/n/10.53937   \TU/lmr/m/n/10.53937 mhchem \TU/SimSun(0)/m/n/
10.53937        |                 |         \T
U/lmr/m/n/10.53937 mhchem\TU/SimSun(0)/m/n/10.53937 |
 []


Overfull \hbox (23.41847pt too wide) in paragraph at lines 41--51
[]$[]$ $[]$ 
 []


Overfull \hbox (23.41847pt too wide) in paragraph at lines 54--60
[]$[]$ $[]$ 
 []


Underfull \hbox (badness 10000) in paragraph at lines 61--62

 []


Overfull \hbox (23.41847pt too wide) in paragraph at lines 74--84
[]$[]$ $[]$ 
 []

[2]
Overfull \hbox (23.41847pt too wide) in paragraph at lines 87--95
[]$[]$ $[]$ 
 []


Overfull \hbox (27.33974pt too wide) in paragraph at lines 98--107
[]$ $[]$ 
 []


Overfull \hbox (23.41847pt too wide) in paragraph at lines 114--128
[]$[]$ $[]$ 
 []


Overfull \hbox (23.41847pt too wide) in paragraph at lines 129--139
[]$[]$ $[]$ 
 []


Package hyperref Warning: Token not allowed in a PDF string (Unicode):
(hyperref)                removing `math shift' on input line 140.


Package hyperref Warning: Token not allowed in a PDF string (Unicode):
(hyperref)                removing `math shift' on input line 140.

[3]
Overfull \hbox (0.34735pt too wide) in paragraph at lines 172--173
 [] 
 []


Overfull \hbox (22.57286pt too wide) in paragraph at lines 176--177
[]\TU/SimSun(0)/m/n/10.53937          |      \TU/lmr/m/n/10.5393
7 chemfig \TU/SimSun(0)/m/n/10.53937    \TU/lmr/m/n/10.53937 : []$[][][][] 
[] [] [] [][][][] [] [][][][][][][][][][] [] [][][] [] [][][][][][][][][][][][]
 []
 []


Underfull \hbox (badness 10000) in paragraph at lines 182--183

 []


Underfull \hbox (badness 10000) in paragraph at lines 185--189

 []


Underfull \hbox (badness 10000) in paragraph at lines 191--195

 []


Overfull \hbox (23.41847pt too wide) in paragraph at lines 184--196
[]$[]$ $[]$ 
 []


! LaTeX Error: \verb illegal in command argument.

See the LaTeX manual or LaTeX Companion for explanation.
Type  H <return>  for immediate help.
 ...                                              
                                                  
l.207 ...)}
                                                  
? 

Overfull \hbox (23.41847pt too wide) in paragraph at lines 199--209
[]$[]$ $[]$ 
 []

! Argument of \__mhchem_output_withFont:n has an extra }.
<inserted text> 
                \par 
l.210 ...2 \xlongequal[Cat]{\rm 1000^\circ C} 2AB}
                                                  $
? 
Runaway argument?
! Paragraph ended before \__mhchem_output_withFont:n was complete.
<to be read again> 
                   \par 
l.210 ...2 \xlongequal[Cat]{\rm 1000^\circ C} 2AB}
                                                  $
? 
! Missing $ inserted.
<inserted text> 
                $
l.210 ...2 \xlongequal[Cat]{\rm 1000^\circ C} 2AB}
                                                  $
? 
! Missing } inserted.
<inserted text> 
                }
l.210 ...2 \xlongequal[Cat]{\rm 1000^\circ C} 2AB}
                                                  $
? 
! Missing $ inserted.
<inserted text> 
                $
l.210 ...2 \xlongequal[Cat]{\rm 1000^\circ C} 2AB}
                                                  $
? 
! Limit controls must follow a math operator.
\ext@arrow ...x to\wd \tw@ {\unhbox \z@ }}\limits 
                                                  \@ifnotempty {#7}{^{\if 0#...
l.210 ...2 \xlongequal[Cat]{\rm 1000^\circ C} 2AB}
                                                  $
? 

Overfull \hbox (12.38042pt too wide) in paragraph at lines 210--211
\TU/SimSun(0)/m/n/10.53937       |      \TU/lmr/m/n/10.53937 =\T
U/SimSun(0)/m/n/10.53937 |          |       \TU/lmr/m/n/10.5393
7 extarrows \TU/SimSun(0)/m/n/10.53937    [][]\TU/lmtt/m/n/10.53937 \xlonge
qual[]\TU/SimSun(0)/m/n/10.53937 
 []


Overfull \hbox (56.14162pt too wide) in paragraph at lines 210--211
\TU/SimSun(0)/m/n/10.53937 \TU/lmr/m/n/10.53937 :[][]\TU/lmtt/m/n/10.53937 $\c
e{A2 + B2 \xlongequal[Cat]{1000^\circ C} 2AB}$[][][]\TU/SimSun(0)/m/n/10.53937 
|         \TU/lmr/m/n/10.53937 :$[][][][][] \OT1/cmr/m/n/10.53937 + []
[][][][][][][][]  [][] [][][][] [] []$ 
 []

[4]
Overfull \hbox (23.41847pt too wide) in paragraph at lines 214--222
[]$[]$ $[]$ 
 []


Overfull \hbox (9.54207pt too wide) in paragraph at lines 230--233
[][]\TU/lmtt/m/n/10.53937 $\ce{N2(g) + 3H2(g) -> 2NH3(g)} \qquad \Delta H_{\mat
hrm{f}}^\circ = \SI{-92.5}{kJ}$ 
 []


Overfull \hbox (2.33975pt too wide) in paragraph at lines 244--263
[]$ $[]$ 
 []

[5] [6]
Package atveryend Info: Empty hook `BeforeClearDocument' on input line 311.
Package atveryend Info: Empty hook `AfterLastShipout' on input line 311.
 (LaTeX_chem_formula.aux)
Package atveryend Info: Empty hook `AtVeryEndDocument' on input line 311.
Package atveryend Info: Executing hook `AtEndAfterFileList' on input line 311.
Package rerunfilecheck Info: File `LaTeX_chem_formula.out' has not changed.
(rerunfilecheck)             Checksum: 8EDF1F3DF27FB58591BA28376A39C80E;2569.


LaTeX Warning: Label(s) may have changed. Rerun to get cross-references right.

Package atveryend Info: Empty hook `AtVeryVeryEnd' on input line 311.
 ) 
Here is how much of TeX's memory you used:
 31690 strings out of 414071
 663501 string characters out of 2898875
 1156904 words of memory out of 3000000
 48832 multiletter control sequences out of 15000+200000
 545295 words of font info for 131 fonts, out of 3000000 for 9000
 1348 hyphenation exceptions out of 8191
 68i,24n,100p,457b,1523s stack positions out of 5000i,500n,10000p,200000b,50000s

Output written on LaTeX_chem_formula.pdf (6 pages).
